{
  "RSpec": {
    "coverage": {
      "/home/timohaut/ratebeer/app/models/rating.rb": [
        1,
        1,
        1,
        null,
        1,
        null,
        null,
        null,
        1,
        20,
        null,
        null,
        null
      ],
      "/home/timohaut/ratebeer/app/helpers/application_helper.rb": [
        1,
        null
      ],
      "/home/timohaut/ratebeer/app/helpers/beer_clubs_helper.rb": [
        1,
        null
      ],
      "/home/timohaut/ratebeer/app/helpers/beers_helper.rb": [
        1,
        null
      ],
      "/home/timohaut/ratebeer/app/helpers/breweries_helper.rb": [
        1,
        null
      ],
      "/home/timohaut/ratebeer/app/helpers/memberships_helper.rb": [
        1,
        null
      ],
      "/home/timohaut/ratebeer/app/helpers/users_helper.rb": [
        1,
        null
      ],
      "/home/timohaut/ratebeer/app/models/beer.rb": [
        1,
        1,
        null,
        1,
        1,
        1,
        1,
        1,
        null,
        1,
        0,
        null,
        null,
        1,
        18,
        null,
        null,
        1,
        0,
        0,
        null,
        null,
        null
      ],
      "/home/timohaut/ratebeer/app/models/concerns/rating_average.rb": [
        1,
        1,
        null,
        1,
        1,
        1,
        1,
        null,
        null,
        null
      ],
      "/home/timohaut/ratebeer/app/models/brewery.rb": [
        1,
        1,
        null,
        1,
        38,
        null,
        1,
        1,
        null,
        1,
        0,
        0,
        0,
        null,
        null,
        1,
        0,
        null,
        null,
        1,
        0,
        0,
        null,
        null,
        null
      ],
      "/home/timohaut/ratebeer/app/models/user.rb": [
        1,
        1,
        null,
        1,
        null,
        null,
        1,
        null,
        null,
        null,
        null,
        null,
        1,
        1,
        1,
        1,
        null,
        1,
        1,
        1,
        1,
        null,
        1,
        0,
        null,
        null,
        1,
        3,
        2,
        null,
        null,
        1,
        0,
        0,
        null,
        null,
        1,
        26,
        15,
        15,
        15,
        28,
        28,
        17,
        17,
        null,
        11,
        11,
        11,
        11,
        null,
        null,
        15,
        15,
        15,
        17,
        16,
        16,
        null,
        null,
        15,
        null,
        null,
        1,
        26,
        15,
        15,
        15,
        28,
        28,
        17,
        17,
        null,
        11,
        11,
        11,
        11,
        null,
        null,
        15,
        15,
        15,
        17,
        16,
        16,
        null,
        null,
        15,
        null,
        null
      ],
      "/home/timohaut/ratebeer/app/controllers/sessions_controller.rb": [
        1,
        1,
        11,
        null,
        null,
        null,
        1,
        10,
        10,
        9,
        9,
        null,
        1,
        null,
        null,
        null,
        1,
        null,
        0,
        null,
        0,
        null,
        null
      ],
      "/home/timohaut/ratebeer/app/controllers/application_controller.rb": [
        1,
        null,
        null,
        1,
        null,
        1,
        null,
        1,
        288,
        240,
        null,
        null,
        null,
        1,
        4,
        null,
        null,
        null
      ],
      "/home/timohaut/ratebeer/app/controllers/users_controller.rb": [
        1,
        1,
        null,
        null,
        null,
        1,
        0,
        0,
        null,
        null,
        null,
        null,
        1,
        null,
        null,
        null,
        1,
        1,
        1,
        null,
        null,
        null,
        1,
        null,
        null,
        null,
        null,
        1,
        1,
        null,
        1,
        1,
        2,
        1,
        null,
        0,
        0,
        null,
        null,
        null,
        null,
        null,
        null,
        1,
        0,
        0,
        0,
        0,
        null,
        0,
        0,
        null,
        null,
        null,
        null,
        null,
        null,
        1,
        0,
        0,
        0,
        0,
        0,
        0,
        null,
        null,
        null,
        null,
        1,
        null,
        1,
        23,
        null,
        null,
        null,
        1,
        1,
        null,
        null
      ],
      "/home/timohaut/ratebeer/app/models/membership.rb": [
        1,
        1,
        1,
        null
      ],
      "/home/timohaut/ratebeer/app/models/beer_club.rb": [
        1,
        1,
        1,
        null
      ],
      "/home/timohaut/ratebeer/app/controllers/beers_controller.rb": [
        1,
        1,
        1,
        null,
        null,
        1,
        1,
        1,
        null,
        null,
        null,
        null,
        1,
        null,
        null,
        null,
        1,
        2,
        2,
        2,
        null,
        null,
        null,
        1,
        0,
        0,
        null,
        null,
        null,
        null,
        1,
        2,
        null,
        2,
        2,
        2,
        1,
        null,
        1,
        1,
        2,
        1,
        null,
        null,
        null,
        null,
        null,
        null,
        null,
        null,
        1,
        0,
        0,
        0,
        0,
        null,
        0,
        0,
        null,
        null,
        null,
        null,
        null,
        null,
        1,
        0,
        0,
        0,
        0,
        null,
        null,
        null,
        1,
        null,
        1,
        0,
        null,
        null,
        null,
        1,
        2,
        null,
        null,
        null,
        null
      ],
      "/home/timohaut/ratebeer/app/controllers/breweries_controller.rb": [
        1,
        1,
        1,
        null,
        null,
        1,
        3,
        3,
        null,
        null,
        null,
        null,
        1,
        null,
        null,
        null,
        1,
        0,
        null,
        null,
        null,
        1,
        null,
        null,
        null,
        null,
        1,
        0,
        null,
        0,
        0,
        0,
        0,
        null,
        0,
        0,
        null,
        null,
        null,
        null,
        null,
        null,
        1,
        0,
        0,
        0,
        0,
        null,
        0,
        0,
        null,
        null,
        null,
        null,
        null,
        null,
        1,
        0,
        0,
        0,
        0,
        null,
        null,
        null,
        1,
        null,
        1,
        1,
        null,
        null,
        null,
        null,
        1,
        0,
        null,
        null
      ],
      "/home/timohaut/ratebeer/lib/beermapping_api.rb": [
        1,
        1,
        3,
        null,
        3,
        3,
        null,
        3,
        null,
        2,
        2,
        3,
        null,
        null,
        null,
        1,
        3,
        null,
        null
      ],
      "/home/timohaut/ratebeer/app/models/place.rb": [
        1,
        1,
        1,
        null,
        1,
        5,
        null,
        null
      ],
      "/home/timohaut/ratebeer/app/controllers/places_controller.rb": [
        1,
        1,
        null,
        null,
        1,
        3,
        3,
        1,
        null,
        2,
        null,
        null,
        null
      ],
      "/home/timohaut/ratebeer/app/controllers/ratings_controller.rb": [
        1,
        null,
        1,
        0,
        null,
        null,
        1,
        9,
        9,
        9,
        null,
        null,
        1,
        9,
        null,
        9,
        9,
        9,
        null,
        0,
        0,
        null,
        null,
        null,
        1,
        1,
        1,
        1,
        null,
        null,
        null,
        null,
        null
      ],
      "/home/timohaut/ratebeer/app/controllers/memberships_controller.rb": [
        0,
        0,
        0,
        0,
        0,
        0,
        0,
        0,
        0,
        0,
        0,
        0,
        0,
        0,
        0,
        0,
        0,
        0,
        0,
        0,
        0,
        0,
        0,
        0,
        0,
        0,
        0,
        0,
        0,
        0,
        0,
        0,
        0,
        0,
        0,
        0,
        0,
        0,
        0,
        0,
        0,
        0,
        0,
        0,
        0,
        0,
        0,
        0,
        0,
        0,
        0,
        0,
        0,
        0,
        0,
        0,
        0,
        0,
        0,
        0,
        0,
        0,
        0,
        0,
        0,
        0,
        0,
        0,
        0,
        0,
        0,
        0,
        0,
        0
      ],
      "/home/timohaut/ratebeer/app/controllers/beer_clubs_controller.rb": [
        0,
        0,
        0,
        0,
        0,
        0,
        0,
        0,
        0,
        0,
        0,
        0,
        0,
        0,
        0,
        0,
        0,
        0,
        0,
        0,
        0,
        0,
        0,
        0,
        0,
        0,
        0,
        0,
        0,
        0,
        0,
        0,
        0,
        0,
        0,
        0,
        0,
        0,
        0,
        0,
        0,
        0,
        0,
        0,
        0,
        0,
        0,
        0,
        0,
        0,
        0,
        0,
        0,
        0,
        0,
        0,
        0,
        0,
        0,
        0,
        0,
        0,
        0,
        0,
        0,
        0,
        0,
        0,
        0,
        0,
        0,
        0,
        0,
        0,
        0
      ]
    },
    "timestamp": 1456071386
  }
}
